VCD+ Writer F-2011.12-SP1_Full64 Copyright (c) 1991-2012 by Synopsys Inc.
         0: data_out='h000
         1: data_out='h000
         2: data_out='h00c
         3: data_out='h01c
         4: data_out='h016
         5: data_out='h14c
         6: data_out='h14c
         7: data_out='h14c
         8: data_out='h14c
         9: data_out='h14c
        10: data_out='h14c
        11: data_out='h14c
        12: data_out='h14c
        13: data_out='h14c
        14: data_out='h14c
        15: data_out='h14c
        16: data_out='h14c
        17: data_out='h14c
        18: data_out='h14c
        19: data_out='h14c
$finish called from file "tb.v", line 88.
$finish at simulation time                  233
